<?xml version="1.0" encoding="UTF-8" standalone="yes"?><!DOCTYPE report PUBLIC "-//JACOCO//DTD Report 1.1//EN" "report.dtd"><report name="ContaCorrente"><sessioninfo id="alexelias-206-30-076-GA-IMB310TN-33ceda6c" start="1601853605150" dump="1601853605999"/><sessioninfo id="alexelias-206-30-076-GA-IMB310TN-acbc6581" start="1601853888912" dump="1601853889788"/><sessioninfo id="alexelias-206-30-076-GA-IMB310TN-1a0fe928" start="1601854032448" dump="1601854033261"/><sessioninfo id="alexelias-206-30-076-GA-IMB310TN-b6012c86" start="1601854193551" dump="1601854194254"/><sessioninfo id="alexelias-206-30-076-GA-IMB310TN-fd74dabb" start="1601854425713" dump="1601854426614"/><sessioninfo id="alexelias-206-30-076-GA-IMB310TN-f0cf4bad" start="1601854672686" dump="1601854673515"/><sessioninfo id="alexelias-206-30-076-GA-IMB310TN-85b12dff" start="1601854825809" dump="1601854826715"/><sessioninfo id="alexelias-206-30-076-GA-IMB310TN-5b40c580" start="1601854957440" dump="1601854958311"/><sessioninfo id="alexelias-206-30-076-GA-IMB310TN-3ee094a9" start="1601854995716" dump="1601854996563"/><sessioninfo id="alexelias-206-30-076-GA-IMB310TN-6f508d1d" start="1601855068252" dump="1601855069065"/><sessioninfo id="alexelias-206-30-076-GA-IMB310TN-856b498e" start="1601855203796" dump="1601855204619"/><sessioninfo id="alexelias-206-30-076-GA-IMB310TN-5e9a1211" start="1601855231509" dump="1601855232317"/><sessioninfo id="alexelias-206-30-076-GA-IMB310TN-297f6d82" start="1601855331749" dump="1601855332583"/><sessioninfo id="alexelias-206-30-076-GA-IMB310TN-8c5141f1" start="1601855521576" dump="1601855522494"/><sessioninfo id="alexelias-206-30-076-GA-IMB310TN-ad9cf10f" start="1601855602061" dump="1601855602903"/><sessioninfo id="alexelias-206-30-076-GA-IMB310TN-e3f32ffc" start="1601855808240" dump="1601855809159"/><sessioninfo id="alexelias-206-30-076-GA-IMB310TN-f9e0281d" start="1601855853213" dump="1601855854109"/><sessioninfo id="alexelias-206-30-076-GA-IMB310TN-cdb4a272" start="1601855881347" dump="1601855882359"/><sessioninfo id="alexelias-206-30-076-GA-IMB310TN-38559515" start="1601855905244" dump="1601855906160"/><sessioninfo id="alexelias-206-30-076-GA-IMB310TN-e62bb06b" start="1601856104654" dump="1601856105700"/><sessioninfo id="alexelias-206-30-076-GA-IMB310TN-b581bec3" start="1601856176618" dump="1601856177611"/><sessioninfo id="alexelias-206-30-076-GA-IMB310TN-1825482c" start="1601856294835" dump="1601856295782"/><sessioninfo id="alexelias-206-30-076-GA-IMB310TN-afc3076b" start="1601856367827" dump="1601856368825"/><sessioninfo id="alexelias-206-30-076-GA-IMB310TN-f1cd649c" start="1601856941834" dump="1601856942686"/><sessioninfo id="alexelias-206-30-076-GA-IMB310TN-c8f7381a" start="1601857451327" dump="1601857452363"/><sessioninfo id="alexelias-206-30-076-GA-IMB310TN-706f668c" start="1601857528233" dump="1601857529118"/><sessioninfo id="alexelias-206-30-076-GA-IMB310TN-6ef33a99" start="1601857541511" dump="1601857542497"/><sessioninfo id="alexelias-206-30-076-GA-IMB310TN-47de508d" start="1601857817441" dump="1601857818397"/><package name="com/grupo13"><class name="com/grupo13/ContaCorrente" sourcefilename="ContaCorrente.java"><method name="&lt;init&gt;" desc="(ILjava/lang/String;)V" line="7"><counter type="INSTRUCTION" missed="0" covered="15"/><counter type="LINE" missed="0" covered="6"/><counter type="COMPLEXITY" missed="0" covered="1"/><counter type="METHOD" missed="0" covered="1"/></method><method name="getNumeroConta" desc="()I" line="14"><counter type="INSTRUCTION" missed="0" covered="3"/><counter type="LINE" missed="0" covered="1"/><counter type="COMPLEXITY" missed="0" covered="1"/><counter type="METHOD" missed="0" covered="1"/></method><method name="getNomeCorrentista" desc="()Ljava/lang/String;" line="17"><counter type="INSTRUCTION" missed="0" covered="3"/><counter type="LINE" missed="0" covered="1"/><counter type="COMPLEXITY" missed="0" covered="1"/><counter type="METHOD" missed="0" covered="1"/></method><method name="getSaldo" desc="()D" line="20"><counter type="INSTRUCTION" missed="0" covered="3"/><counter type="LINE" missed="0" covered="1"/><counter type="COMPLEXITY" missed="0" covered="1"/><counter type="METHOD" missed="0" covered="1"/></method><method name="getCategoria" desc="()Ljava/lang/String;" line="23"><counter type="INSTRUCTION" missed="0" covered="3"/><counter type="LINE" missed="0" covered="1"/><counter type="COMPLEXITY" missed="0" covered="1"/><counter type="METHOD" missed="0" covered="1"/></method><method name="deposito" desc="(D)Z" line="26"><counter type="INSTRUCTION" missed="0" covered="64"/><counter type="BRANCH" missed="1" covered="11"/><counter type="LINE" missed="0" covered="13"/><counter type="COMPLEXITY" missed="1" covered="6"/><counter type="METHOD" missed="0" covered="1"/></method><method name="retirada" desc="(D)Z" line="47"><counter type="INSTRUCTION" missed="0" covered="57"/><counter type="BRANCH" missed="3" covered="9"/><counter type="LINE" missed="0" covered="13"/><counter type="COMPLEXITY" missed="3" covered="4"/><counter type="METHOD" missed="0" covered="1"/></method><counter type="INSTRUCTION" missed="0" covered="148"/><counter type="BRANCH" missed="4" covered="20"/><counter type="LINE" missed="0" covered="36"/><counter type="COMPLEXITY" missed="4" covered="15"/><counter type="METHOD" missed="0" covered="7"/><counter type="CLASS" missed="0" covered="1"/></class><sourcefile name="ContaCorrente.java"><line nr="7" mi="0" ci="2" mb="0" cb="0"/><line nr="8" mi="0" ci="3" mb="0" cb="0"/><line nr="9" mi="0" ci="3" mb="0" cb="0"/><line nr="10" mi="0" ci="3" mb="0" cb="0"/><line nr="11" mi="0" ci="3" mb="0" cb="0"/><line nr="12" mi="0" ci="1" mb="0" cb="0"/><line nr="14" mi="0" ci="3" mb="0" cb="0"/><line nr="17" mi="0" ci="3" mb="0" cb="0"/><line nr="20" mi="0" ci="3" mb="0" cb="0"/><line nr="23" mi="0" ci="3" mb="0" cb="0"/><line nr="26" mi="0" ci="4" mb="0" cb="2"/><line nr="27" mi="0" ci="4" mb="0" cb="2"/><line nr="28" mi="0" ci="6" mb="0" cb="0"/><line nr="29" mi="0" ci="5" mb="0" cb="2"/><line nr="30" mi="0" ci="4" mb="0" cb="0"/><line nr="32" mi="0" ci="4" mb="0" cb="2"/><line nr="33" mi="0" ci="10" mb="0" cb="0"/><line nr="34" mi="0" ci="5" mb="0" cb="2"/><line nr="35" mi="0" ci="4" mb="0" cb="0"/><line nr="37" mi="0" ci="4" mb="1" cb="1"/><line nr="38" mi="0" ci="10" mb="0" cb="0"/><line nr="40" mi="0" ci="2" mb="0" cb="0"/><line nr="43" mi="0" ci="2" mb="0" cb="0"/><line nr="47" mi="0" ci="5" mb="0" cb="2"/><line nr="48" mi="0" ci="2" mb="0" cb="0"/><line nr="50" mi="0" ci="4" mb="0" cb="2"/><line nr="51" mi="0" ci="6" mb="0" cb="0"/><line nr="52" mi="0" ci="5" mb="1" cb="1"/><line nr="53" mi="0" ci="4" mb="0" cb="0"/><line nr="55" mi="0" ci="4" mb="0" cb="2"/><line nr="56" mi="0" ci="6" mb="0" cb="0"/><line nr="57" mi="0" ci="5" mb="1" cb="1"/><line nr="58" mi="0" ci="4" mb="0" cb="0"/><line nr="60" mi="0" ci="4" mb="1" cb="1"/><line nr="61" mi="0" ci="6" mb="0" cb="0"/><line nr="63" mi="0" ci="2" mb="0" cb="0"/><counter type="INSTRUCTION" missed="0" covered="148"/><counter type="BRANCH" missed="4" covered="20"/><counter type="LINE" missed="0" covered="36"/><counter type="COMPLEXITY" missed="4" covered="15"/><counter type="METHOD" missed="0" covered="7"/><counter type="CLASS" missed="0" covered="1"/></sourcefile><counter type="INSTRUCTION" missed="0" covered="148"/><counter type="BRANCH" missed="4" covered="20"/><counter type="LINE" missed="0" covered="36"/><counter type="COMPLEXITY" missed="4" covered="15"/><counter type="METHOD" missed="0" covered="7"/><counter type="CLASS" missed="0" covered="1"/></package><counter type="INSTRUCTION" missed="0" covered="148"/><counter type="BRANCH" missed="4" covered="20"/><counter type="LINE" missed="0" covered="36"/><counter type="COMPLEXITY" missed="4" covered="15"/><counter type="METHOD" missed="0" covered="7"/><counter type="CLASS" missed="0" covered="1"/></report>