<?xml version="1.0" encoding="UTF-8"?>
<testsuite xmlns:xsi="http://www.w3.org/2001/XMLSchema-instance" xsi:noNamespaceSchemaLocation="https://maven.apache.org/surefire/maven-surefire-plugin/xsd/surefire-test-report-3.0.xsd" version="3.0" name="com.grupo13.ContaCorrenteTest" time="0.087" tests="11" errors="0" skipped="0" failures="0">
  <properties>
[...]
</properties>
  <testcase name="contaUpgradeGoldValorAlto" classname="com.grupo13.ContaCorrenteTest" time="0.024"/>
  <testcase name="retiradaLimit" classname="com.grupo13.ContaCorrenteTest" time="0.001"/>
  <testcase name="contaPlatiniumRetrocesso" classname="com.grupo13.ContaCorrenteTest" time="0.001"/>
  <testcase name="contaPlatiniumRetrocessoTotal" classname="com.grupo13.ContaCorrenteTest" time="0.001"/>
  <testcase name="contaInicial" classname="com.grupo13.ContaCorrenteTest" time="0.001"/>
  <testcase name="contaSilver" classname="com.grupo13.ContaCorrenteTest" time="0"/>
  <testcase name="contaUpgradePlatinum" classname="com.grupo13.ContaCorrenteTest" time="0.001"/>
  <testcase name="depositoNulo" classname="com.grupo13.ContaCorrenteTest" time="0.004"/>
  <testcase name="contaUpgradeGoldLimit" classname="com.grupo13.ContaCorrenteTest" time="0.001"/>
  <testcase name="contaGoldRetrocesso" classname="com.grupo13.ContaCorrenteTest" time="0.001"/>
  <testcase name="retiradaIlegal" classname="com.grupo13.ContaCorrenteTest" time="0.001"/>
</testsuite>